************************************************
*** Message ***
java.sql.SQLException: ERROR: character 0xe3809c of encoding "UTF8" has no equivalent in "EUC_JP"
***** SQL *****

CREATE TABLE oo_meta.oo_v_axis(
       report_id                INTEGER NOT NULL,   -- レポートID
       axis_id                  INTEGER NOT NULL,   -- 軸ID(値の範囲:1?16)、16はメジャー
       dimension_seq            INTEGER NOT NULL,   -- dimension sequence(メジャーの場合は0固定)
       name                     VARCHAR(100),        -- 名前
       default_mem_key          INTEGER,            -- デフォルトメンバーのuniqueName
       selecter_usedFLG         VARCHAR(1),         -- セレクタで絞込みが行われている軸か？
       edge_type                VARCHAR(10),        -- 配置されたエッジ（COL/ROL/PAGE)
       in_edge_index            INTEGER NOT NULL,   -- エッジ内での順序(0 start)
       disp_mem_name_type       VARCHAR(100)         -- (DIMENSION) long_name/short_name
)




************************************************
*** Message ***
java.sql.SQLException: ERROR: relation "oo_meta.oo_v_axis" does not exist
***** SQL *****

ALTER TABLE oo_meta.oo_v_axis ADD CONSTRAINT oo_v_axis_pk UNIQUE (report_id,axis_id)




